Time 	1 ms	#dirs	1	#files	0
Time 	2 ms	#dirs	1	#files	1
Time 	3 ms	#dirs	1	#files	3
Time 	4 ms	#dirs	1	#files	3
Time 	5 ms	#dirs	1	#files	3
Time 	6 ms	#dirs	3	#files	3
Time 	7 ms	#dirs	3	#files	3
Time 	8 ms	#dirs	3	#files	5
Time 	9 ms	#dirs	4	#files	7
Time 	10 ms	#dirs	4	#files	8
Time 	11 ms	#dirs	5	#files	9
Time 	12 ms	#dirs	5	#files	11
Time 	13 ms	#dirs	5	#files	14
Time 	14 ms	#dirs	5	#files	15
Time 	15 ms	#dirs	7	#files	16
Time 	16 ms	#dirs	8	#files	16
Time 	17 ms	#dirs	8	#files	16
Time 	18 ms	#dirs	8	#files	19
Time 	19 ms	#dirs	10	#files	21
Time 	20 ms	#dirs	10	#files	21
Time 	21 ms	#dirs	10	#files	22
Time 	22 ms	#dirs	10	#files	24

Programme initiation: 2017 Apr 16 CDT 19:02:09

Number of jpg files = 8
Number of png files = 4
Number of bmp files = 8
Number of gif files = 4

Number of directories = 10
Total number of valid image files = 24
Total time of excecution = 6316704 ms
-----------------------------------------------------
Total number of threads created: 10

End of Log for variant 2
^^^^^^^^^^^^^^^^^^^^^^^^^^^^^^^^^^^^^^^^^^^^^^^^^^^^^

Time 	1 ms	#dirs	3	#files	3
Time 	2 ms	#dirs	3	#files	3
Time 	3 ms	#dirs	5	#files	8
Time 	4 ms	#dirs	8	#files	16
Time 	5 ms	#dirs	10	#files	21
Time 	6 ms	#dirs	10	#files	24

Programme initiation: 2017 Apr 16 CDT 19:02:28

Number of jpg files = 8
Number of png files = 4
Number of bmp files = 8
Number of gif files = 4

Number of directories = 10
Total number of valid image files = 24
Total time of excecution = 6316704 ms
-----------------------------------------------------
Total number of threads created: 10

End of Log for variant 2
^^^^^^^^^^^^^^^^^^^^^^^^^^^^^^^^^^^^^^^^^^^^^^^^^^^^^

Time 	1 ms	#dirs	1	#files	3
Time 	2 ms	#dirs	3	#files	4
Time 	3 ms	#dirs	5	#files	8
Time 	4 ms	#dirs	8	#files	16
Time 	5 ms	#dirs	10	#files	21

Programme initiation: 2017 Apr 16 CDT 19:02:48

Number of jpg files = 8
Number of png files = 4
Number of bmp files = 8
Number of gif files = 4

Number of directories = 10
Total number of valid image files = 24
Total time of excecution = 6316704 ms
-----------------------------------------------------
Total number of threads created: 10

End of Log for variant 2
^^^^^^^^^^^^^^^^^^^^^^^^^^^^^^^^^^^^^^^^^^^^^^^^^^^^^

Time 	1 ms	#dirs	1	#files	0
Time 	2 ms	#dirs	3	#files	3
Time 	3 ms	#dirs	5	#files	8
Time 	4 ms	#dirs	8	#files	16
Time 	5 ms	#dirs	10	#files	21
Time 	6 ms	#dirs	10	#files	23

Programme initiation: 2017 Apr 16 CDT 19:03:02

Number of jpg files = 8
Number of png files = 4
Number of bmp files = 8
Number of gif files = 4

Number of directories = 10
Total number of valid image files = 24
Total time of excecution = 6316704 ms
-----------------------------------------------------
Total number of threads created: 10

End of Log for variant 2
^^^^^^^^^^^^^^^^^^^^^^^^^^^^^^^^^^^^^^^^^^^^^^^^^^^^^

